<?xml version="1.0" encoding="UTF-8"?>
<testsuites>
  <testsuite name="/app/phpunit.xml.dist" tests="32" assertions="106" errors="0" failures="0" skipped="0" time="0.284679">
    <testsuite name="Evolution Laravel Client Feature Tests" tests="5" assertions="15" errors="0" failures="0" skipped="0" time="0.221801">
      <testsuite name="SamuelTerra22\EvolutionLaravelClient\Tests\Feature\EvolutionServiceProviderTest" file="/app/tests/Feature/EvolutionServiceProviderTest.php" tests="5" assertions="15" errors="0" failures="0" skipped="0" time="0.221801">
        <testcase name="the_facade_works" file="/app/tests/Feature/EvolutionServiceProviderTest.php" line="28" class="SamuelTerra22\EvolutionLaravelClient\Tests\Feature\EvolutionServiceProviderTest" classname="SamuelTerra22.EvolutionLaravelClient.Tests.Feature.EvolutionServiceProviderTest" assertions="1" time="0.137558"/>
        <testcase name="the_facade_provides_access_to_all_resources" file="/app/tests/Feature/EvolutionServiceProviderTest.php" line="34" class="SamuelTerra22\EvolutionLaravelClient\Tests\Feature\EvolutionServiceProviderTest" classname="SamuelTerra22.EvolutionLaravelClient.Tests.Feature.EvolutionServiceProviderTest" assertions="8" time="0.002967"/>
        <testcase name="it_publishes_the_config" file="/app/tests/Feature/EvolutionServiceProviderTest.php" line="48" class="SamuelTerra22\EvolutionLaravelClient\Tests\Feature\EvolutionServiceProviderTest" classname="SamuelTerra22.EvolutionLaravelClient.Tests.Feature.EvolutionServiceProviderTest" assertions="1" time="0.076411"/>
        <testcase name="it_registers_the_service" file="/app/tests/Feature/EvolutionServiceProviderTest.php" line="13" class="SamuelTerra22\EvolutionLaravelClient\Tests\Feature\EvolutionServiceProviderTest" classname="SamuelTerra22.EvolutionLaravelClient.Tests.Feature.EvolutionServiceProviderTest" assertions="2" time="0.002597"/>
        <testcase name="it_loads_the_config" file="/app/tests/Feature/EvolutionServiceProviderTest.php" line="20" class="SamuelTerra22\EvolutionLaravelClient\Tests\Feature\EvolutionServiceProviderTest" classname="SamuelTerra22.EvolutionLaravelClient.Tests.Feature.EvolutionServiceProviderTest" assertions="3" time="0.002269"/>
      </testsuite>
    </testsuite>
    <testsuite name="Evolution Laravel Client Unit Tests" tests="27" assertions="91" errors="0" failures="0" skipped="0" time="0.062878">
      <testsuite name="SamuelTerra22\EvolutionLaravelClient\Tests\Unit\MessageResourceTest" file="/app/tests/Unit/MessageResourceTest.php" tests="6" assertions="12" errors="0" failures="0" skipped="0" time="0.021039">
        <testcase name="it_can_send_text_message" file="/app/tests/Unit/MessageResourceTest.php" line="34" class="SamuelTerra22\EvolutionLaravelClient\Tests\Unit\MessageResourceTest" classname="SamuelTerra22.EvolutionLaravelClient.Tests.Unit.MessageResourceTest" assertions="2" time="0.009440"/>
        <testcase name="it_can_send_text_message_with_options" file="/app/tests/Unit/MessageResourceTest.php" line="43" class="SamuelTerra22\EvolutionLaravelClient\Tests\Unit\MessageResourceTest" classname="SamuelTerra22.EvolutionLaravelClient.Tests.Unit.MessageResourceTest" assertions="2" time="0.002731"/>
        <testcase name="it_can_send_poll_message" file="/app/tests/Unit/MessageResourceTest.php" line="58" class="SamuelTerra22\EvolutionLaravelClient\Tests\Unit\MessageResourceTest" classname="SamuelTerra22.EvolutionLaravelClient.Tests.Unit.MessageResourceTest" assertions="2" time="0.002303"/>
        <testcase name="it_can_send_list_message" file="/app/tests/Unit/MessageResourceTest.php" line="72" class="SamuelTerra22\EvolutionLaravelClient\Tests\Unit\MessageResourceTest" classname="SamuelTerra22.EvolutionLaravelClient.Tests.Unit.MessageResourceTest" assertions="2" time="0.002222"/>
        <testcase name="it_can_format_phone_number" file="/app/tests/Unit/MessageResourceTest.php" line="117" class="SamuelTerra22\EvolutionLaravelClient\Tests\Unit\MessageResourceTest" classname="SamuelTerra22.EvolutionLaravelClient.Tests.Unit.MessageResourceTest" assertions="2" time="0.002030"/>
        <testcase name="it_can_send_buttons_message" file="/app/tests/Unit/MessageResourceTest.php" line="97" class="SamuelTerra22\EvolutionLaravelClient\Tests\Unit\MessageResourceTest" classname="SamuelTerra22.EvolutionLaravelClient.Tests.Unit.MessageResourceTest" assertions="2" time="0.002313"/>
      </testsuite>
      <testsuite name="SamuelTerra22\EvolutionLaravelClient\Tests\Unit\WebSocketResourceTest" file="/app/tests/Unit/WebSocketResourceTest.php" tests="3" assertions="5" errors="0" failures="0" skipped="0" time="0.007313">
        <testcase name="it_can_set_websocket_config" file="/app/tests/Unit/WebSocketResourceTest.php" line="30" class="SamuelTerra22\EvolutionLaravelClient\Tests\Unit\WebSocketResourceTest" classname="SamuelTerra22.EvolutionLaravelClient.Tests.Unit.WebSocketResourceTest" assertions="2" time="0.002659"/>
        <testcase name="it_can_create_websocket_client" file="/app/tests/Unit/WebSocketResourceTest.php" line="49" class="SamuelTerra22\EvolutionLaravelClient\Tests\Unit\WebSocketResourceTest" classname="SamuelTerra22.EvolutionLaravelClient.Tests.Unit.WebSocketResourceTest" assertions="1" time="0.002590"/>
        <testcase name="it_can_find_websocket_config" file="/app/tests/Unit/WebSocketResourceTest.php" line="40" class="SamuelTerra22\EvolutionLaravelClient\Tests\Unit\WebSocketResourceTest" classname="SamuelTerra22.EvolutionLaravelClient.Tests.Unit.WebSocketResourceTest" assertions="2" time="0.002064"/>
      </testsuite>
      <testsuite name="SamuelTerra22\EvolutionLaravelClient\Tests\Unit\EvolutionClientTest" file="/app/tests/Unit/EvolutionClientTest.php" tests="2" assertions="2" errors="0" failures="0" skipped="0" time="0.004367">
        <testcase name="it_can_be_instantiated" file="/app/tests/Unit/EvolutionClientTest.php" line="26" class="SamuelTerra22\EvolutionLaravelClient\Tests\Unit\EvolutionClientTest" classname="SamuelTerra22.EvolutionLaravelClient.Tests.Unit.EvolutionClientTest" assertions="1" time="0.002078"/>
        <testcase name="it_can_set_instance_name" file="/app/tests/Unit/EvolutionClientTest.php" line="32" class="SamuelTerra22\EvolutionLaravelClient\Tests\Unit\EvolutionClientTest" classname="SamuelTerra22.EvolutionLaravelClient.Tests.Unit.EvolutionClientTest" assertions="1" time="0.002289"/>
      </testsuite>
      <testsuite name="SamuelTerra22\EvolutionLaravelClient\Tests\Unit\WebSocketClientTest" file="/app/tests/Unit/WebSocketClientTest.php" tests="3" assertions="11" errors="0" failures="0" skipped="0" time="0.000736">
        <testcase name="it_can_register_event_handlers" file="/app/tests/Unit/WebSocketClientTest.php" line="31" class="SamuelTerra22\EvolutionLaravelClient\Tests\Unit\WebSocketClientTest" classname="SamuelTerra22.EvolutionLaravelClient.Tests.Unit.WebSocketClientTest" assertions="3" time="0.000441"/>
        <testcase name="it_can_be_instantiated" file="/app/tests/Unit/WebSocketClientTest.php" line="11" class="SamuelTerra22\EvolutionLaravelClient\Tests\Unit\WebSocketClientTest" classname="SamuelTerra22.EvolutionLaravelClient.Tests.Unit.WebSocketClientTest" assertions="3" time="0.000071"/>
        <testcase name="it_can_register_multiple_event_handlers" file="/app/tests/Unit/WebSocketClientTest.php" line="61" class="SamuelTerra22\EvolutionLaravelClient\Tests\Unit\WebSocketClientTest" classname="SamuelTerra22.EvolutionLaravelClient.Tests.Unit.WebSocketClientTest" assertions="5" time="0.000224"/>
      </testsuite>
      <testsuite name="SamuelTerra22\EvolutionLaravelClient\Tests\Unit\MessageModelTest" file="/app/tests/Unit/MessageModelTest.php" tests="9" assertions="43" errors="0" failures="0" skipped="0" time="0.020478">
        <testcase name="it_can_create_location_message" file="/app/tests/Unit/MessageModelTest.php" line="78" class="SamuelTerra22\EvolutionLaravelClient\Tests\Unit\MessageModelTest" classname="SamuelTerra22.EvolutionLaravelClient.Tests.Unit.MessageModelTest" assertions="5" time="0.002391"/>
        <testcase name="it_can_create_text_message_with_quoted_message" file="/app/tests/Unit/MessageModelTest.php" line="57" class="SamuelTerra22\EvolutionLaravelClient\Tests\Unit\MessageModelTest" classname="SamuelTerra22.EvolutionLaravelClient.Tests.Unit.MessageModelTest" assertions="3" time="0.002846"/>
        <testcase name="it_can_create_reaction_message" file="/app/tests/Unit/MessageModelTest.php" line="116" class="SamuelTerra22\EvolutionLaravelClient\Tests\Unit\MessageModelTest" classname="SamuelTerra22.EvolutionLaravelClient.Tests.Unit.MessageModelTest" assertions="2" time="0.002111"/>
        <testcase name="it_can_create_list_message" file="/app/tests/Unit/MessageModelTest.php" line="150" class="SamuelTerra22\EvolutionLaravelClient\Tests\Unit\MessageModelTest" classname="SamuelTerra22.EvolutionLaravelClient.Tests.Unit.MessageModelTest" assertions="10" time="0.002064"/>
        <testcase name="it_can_create_poll_message" file="/app/tests/Unit/MessageModelTest.php" line="133" class="SamuelTerra22\EvolutionLaravelClient\Tests\Unit\MessageModelTest" classname="SamuelTerra22.EvolutionLaravelClient.Tests.Unit.MessageModelTest" assertions="4" time="0.002214"/>
        <testcase name="it_can_create_text_message_with_optional_parameters" file="/app/tests/Unit/MessageModelTest.php" line="36" class="SamuelTerra22\EvolutionLaravelClient\Tests\Unit\MessageModelTest" classname="SamuelTerra22.EvolutionLaravelClient.Tests.Unit.MessageModelTest" assertions="6" time="0.002144"/>
        <testcase name="it_can_create_text_message" file="/app/tests/Unit/MessageModelTest.php" line="21" class="SamuelTerra22\EvolutionLaravelClient\Tests\Unit\MessageModelTest" classname="SamuelTerra22.EvolutionLaravelClient.Tests.Unit.MessageModelTest" assertions="3" time="0.001958"/>
        <testcase name="it_can_create_status_message" file="/app/tests/Unit/MessageModelTest.php" line="189" class="SamuelTerra22\EvolutionLaravelClient\Tests\Unit\MessageModelTest" classname="SamuelTerra22.EvolutionLaravelClient.Tests.Unit.MessageModelTest" assertions="5" time="0.002235"/>
        <testcase name="it_can_create_contact_message" file="/app/tests/Unit/MessageModelTest.php" line="97" class="SamuelTerra22\EvolutionLaravelClient\Tests\Unit\MessageModelTest" classname="SamuelTerra22.EvolutionLaravelClient.Tests.Unit.MessageModelTest" assertions="5" time="0.002514"/>
      </testsuite>
      <testsuite name="SamuelTerra22\EvolutionLaravelClient\Tests\Unit\EvolutionApiClientTest" file="/app/tests/Unit/EvolutionApiClientTest.php" tests="4" assertions="18" errors="0" failures="0" skipped="0" time="0.008945">
        <testcase name="it_can_set_instance_name" file="/app/tests/Unit/EvolutionApiClientTest.php" line="32" class="SamuelTerra22\EvolutionLaravelClient\Tests\Unit\EvolutionApiClientTest" classname="SamuelTerra22.EvolutionLaravelClient.Tests.Unit.EvolutionApiClientTest" assertions="1" time="0.002519"/>
        <testcase name="it_updates_instance_name_in_all_resources" file="/app/tests/Unit/EvolutionApiClientTest.php" line="53" class="SamuelTerra22\EvolutionLaravelClient\Tests\Unit\EvolutionApiClientTest" classname="SamuelTerra22.EvolutionLaravelClient.Tests.Unit.EvolutionApiClientTest" assertions="8" time="0.002206"/>
        <testcase name="it_provides_access_to_all_resources" file="/app/tests/Unit/EvolutionApiClientTest.php" line="40" class="SamuelTerra22\EvolutionLaravelClient\Tests\Unit\EvolutionApiClientTest" classname="SamuelTerra22.EvolutionLaravelClient.Tests.Unit.EvolutionApiClientTest" assertions="8" time="0.002098"/>
        <testcase name="it_can_be_instantiated" file="/app/tests/Unit/EvolutionApiClientTest.php" line="26" class="SamuelTerra22\EvolutionLaravelClient\Tests\Unit\EvolutionApiClientTest" classname="SamuelTerra22.EvolutionLaravelClient.Tests.Unit.EvolutionApiClientTest" assertions="1" time="0.002122"/>
      </testsuite>
    </testsuite>
  </testsuite>
</testsuites>
